<?xml version="1.0" encoding="utf-8"?><testsuites name="pytest tests"><testsuite name="pytest" errors="0" failures="0" skipped="0" tests="39" time="15.741" timestamp="2026-06-10T14:17:06.368627+00:00" hostname="agent-env-2c7c7baa-b010-4544-a510-6949cbbe103c"><testcase classname="backend.tests.test_api.TestHealthAndPublic" name="test_health" time="1.087" /><testcase classname="backend.tests.test_api.TestHealthAndPublic" name="test_list_published_posts_includes_seed" time="0.202" /><testcase classname="backend.tests.test_api.TestHealthAndPublic" name="test_get_seed_post" time="0.203" /><testcase classname="backend.tests.test_api.TestHealthAndPublic" name="test_get_post_404" time="0.201" /><testcase classname="backend.tests.test_api.TestContact" name="test_contact_valid" time="0.204" /><testcase classname="backend.tests.test_api.TestContact" name="test_contact_invalid_email" time="0.054" /><testcase classname="backend.tests.test_api.TestNewsletter" name="test_subscribe" time="0.195" /><testcase classname="backend.tests.test_api.TestNewsletter" name="test_subscribe_idempotent" time="0.202" /><testcase classname="backend.tests.test_api.TestNewsletter" name="test_subscribe_invalid_email" time="0.079" /><testcase classname="backend.tests.test_api.TestAdminAuthGuard" name="test_admin_posts_requires_token" time="0.065" /><testcase classname="backend.tests.test_api.TestAdminAuthGuard" name="test_admin_create_requires_token" time="0.059" /><testcase classname="backend.tests.test_api.TestAdminAuthGuard" name="test_admin_upload_requires_token" time="0.145" /><testcase classname="backend.tests.test_api.TestAdminAuthGuard" name="test_admin_bad_token" time="0.546" /><testcase classname="backend.tests.test_api.TestAdminAuthenticated" name="test_me" time="0.541" /><testcase classname="backend.tests.test_api.TestAdminAuthenticated" name="test_list_all_posts_includes_drafts_capability" time="0.330" /><testcase classname="backend.tests.test_api.TestAdminPostCRUD" name="test_create_post_as_draft" time="0.475" /><testcase classname="backend.tests.test_api.TestAdminPostCRUD" name="test_draft_not_public" time="0.204" /><testcase classname="backend.tests.test_api.TestAdminPostCRUD" name="test_update_publish" time="0.472" /><testcase classname="backend.tests.test_api.TestAdminPostCRUD" name="test_published_visible_publicly" time="1.206" /><testcase classname="backend.tests.test_api.TestAdminPostCRUD" name="test_delete" time="0.647" /><testcase classname="backend.tests.test_api.TestPublicListsPhase2" name="test_health_all_tables" time="1.081" /><testcase classname="backend.tests.test_api.TestPublicListsPhase2" name="test_books_seed_and_featured" time="0.262" /><testcase classname="backend.tests.test_api.TestPublicListsPhase2" name="test_testimonials_sorted" time="0.374" /><testcase classname="backend.tests.test_api.TestPublicListsPhase2" name="test_publications_seed" time="0.199" /><testcase classname="backend.tests.test_api.TestPublicListsPhase2" name="test_events_seed_and_gallery" time="0.200" /><testcase classname="backend.tests.test_api.TestPublicListsPhase2" name="test_event_by_slug_and_404" time="0.410" /><testcase classname="backend.tests.test_api.TestAdminAuthGuardPhase2" name="test_admin_get_requires_token[/api/admin/testimonials]" time="0.061" /><testcase classname="backend.tests.test_api.TestAdminAuthGuardPhase2" name="test_admin_get_requires_token[/api/admin/books]" time="0.060" /><testcase classname="backend.tests.test_api.TestAdminAuthGuardPhase2" name="test_admin_get_requires_token[/api/admin/publications]" time="0.055" /><testcase classname="backend.tests.test_api.TestAdminAuthGuardPhase2" name="test_admin_get_requires_token[/api/admin/events]" time="0.066" /><testcase classname="backend.tests.test_api.TestAdminAuthGuardPhase2" name="test_admin_post_requires_token[/api/admin/testimonials]" time="0.057" /><testcase classname="backend.tests.test_api.TestAdminAuthGuardPhase2" name="test_admin_post_requires_token[/api/admin/books]" time="0.055" /><testcase classname="backend.tests.test_api.TestAdminAuthGuardPhase2" name="test_admin_post_requires_token[/api/admin/publications]" time="0.057" /><testcase classname="backend.tests.test_api.TestAdminAuthGuardPhase2" name="test_admin_post_requires_token[/api/admin/events]" time="0.057" /><testcase classname="backend.tests.test_api.TestAdminBooksCRUD" name="test_books_crud_and_autoslug" time="1.102" /><testcase classname="backend.tests.test_api.TestAdminTestimonialsCRUD" name="test_testimonials_crud" time="1.016" /><testcase classname="backend.tests.test_api.TestAdminPublicationsCRUD" name="test_publications_crud_no_updated_at_error" time="0.999" /><testcase classname="backend.tests.test_api.TestAdminEventsCRUD" name="test_events_crud_gallery_persists" time="1.102" /><testcase classname="backend.tests.test_api.TestAdminUpload" name="test_upload_image_returns_public_url" time="1.323" /></testsuite></testsuites>