<?xml version="1.0" encoding="utf-8"?><testsuites name="pytest tests"><testsuite name="pytest" errors="0" failures="0" skipped="0" tests="21" time="8.405" timestamp="2026-06-09T22:47:15.674555+00:00" hostname="agent-env-2c7c7baa-b010-4544-a510-6949cbbe103c"><testcase classname="backend.tests.test_api.TestHealthAndPublic" name="test_health" time="0.823" /><testcase classname="backend.tests.test_api.TestHealthAndPublic" name="test_list_published_posts_includes_seed" time="0.195" /><testcase classname="backend.tests.test_api.TestHealthAndPublic" name="test_get_seed_post" time="0.185" /><testcase classname="backend.tests.test_api.TestHealthAndPublic" name="test_get_post_404" time="0.191" /><testcase classname="backend.tests.test_api.TestContact" name="test_contact_valid" time="0.197" /><testcase classname="backend.tests.test_api.TestContact" name="test_contact_invalid_email" time="0.165" /><testcase classname="backend.tests.test_api.TestNewsletter" name="test_subscribe" time="0.188" /><testcase classname="backend.tests.test_api.TestNewsletter" name="test_subscribe_idempotent" time="0.184" /><testcase classname="backend.tests.test_api.TestNewsletter" name="test_subscribe_invalid_email" time="0.047" /><testcase classname="backend.tests.test_api.TestAdminAuthGuard" name="test_admin_posts_requires_token" time="0.048" /><testcase classname="backend.tests.test_api.TestAdminAuthGuard" name="test_admin_create_requires_token" time="0.049" /><testcase classname="backend.tests.test_api.TestAdminAuthGuard" name="test_admin_upload_requires_token" time="0.142" /><testcase classname="backend.tests.test_api.TestAdminAuthGuard" name="test_admin_bad_token" time="0.346" /><testcase classname="backend.tests.test_api.TestAdminAuthenticated" name="test_me" time="0.672" /><testcase classname="backend.tests.test_api.TestAdminAuthenticated" name="test_list_all_posts_includes_drafts_capability" time="0.338" /><testcase classname="backend.tests.test_api.TestAdminPostCRUD" name="test_create_post_as_draft" time="0.465" /><testcase classname="backend.tests.test_api.TestAdminPostCRUD" name="test_draft_not_public" time="0.192" /><testcase classname="backend.tests.test_api.TestAdminPostCRUD" name="test_update_publish" time="0.475" /><testcase classname="backend.tests.test_api.TestAdminPostCRUD" name="test_published_visible_publicly" time="1.190" /><testcase classname="backend.tests.test_api.TestAdminPostCRUD" name="test_delete" time="0.667" /><testcase classname="backend.tests.test_api.TestAdminUpload" name="test_upload_image_returns_public_url" time="1.401" /></testsuite></testsuites>